<?xml version="1.0" encoding="UTF-8"?>
<testsuites name="TestSuite1" time="0" tests="0" failures="0" errors="0">
   <testsuite name="TestSuite1" tests="0" failures="0" errors="0" time="0" timestamp="2019-02-27 14:49:10" hostname="robindp - CI00032792.cegekanv.corp.local" id="Test Suites/TestSuite1">
      <properties>
         <property name="deviceName" value=""/>
         <property name="devicePlatform" value=""/>
         <property name="logFolder" value="C:\\Users\\robindp\\git\\KatalonGitTest\\Reports\\TestSuite1\\20190227_144906"/>
         <property name="logFiles" value="C:\\Users\\robindp\\git\\KatalonGitTest\\Reports\\TestSuite1\\20190227_144906\\execution0.log"/>
         <property name="attachments" value=""/>
         <property name="hostName" value="robindp - CI00032792.cegekanv.corp.local"/>
         <property name="hostAddress" value="192.168.56.1"/>
         <property name="os" value="Windows 10 64bit"/>
         <property name="katalonVersion" value="5.10.1.1"/>
      </properties>
      <system-out><![CDATA[2019-02-27 14:49:10 - [TEST_SUITE][PASSED] - TestSuite1: null]]></system-out>
      <system-err><![CDATA[]]></system-err>
   </testsuite>
</testsuites>
